{"C:\\Users\\PC\\Desktop\\ProjectAndela\\teamwork_Backend\\src\\index.js": {"path":"C:\\Users\\PC\\Desktop\\ProjectAndela\\teamwork_Backend\\src\\index.js","statementMap":{"0":{"start":{"line":1,"column":53},"end":{"line":1,"column":107}},"1":{"start":{"line":1,"column":124},"end":{"line":1,"column":142}},"2":{"start":{"line":1,"column":160},"end":{"line":1,"column":192}},"3":{"start":{"line":3,"column":18},"end":{"line":3,"column":40}},"4":{"start":{"line":3,"column":61},"end":{"line":3,"column":96}},"5":{"start":{"line":4,"column":14},"end":{"line":4,"column":33}},"6":{"start":{"line":4,"column":50},"end":{"line":4,"column":81}},"7":{"start":{"line":5,"column":14},"end":{"line":5,"column":33}},"8":{"start":{"line":5,"column":50},"end":{"line":5,"column":81}},"9":{"start":{"line":9,"column":12},"end":{"line":9,"column":44}},"10":{"start":{"line":10,"column":0},"end":{"line":10,"column":37}},"11":{"start":{"line":12,"column":0},"end":{"line":12,"column":37}},"12":{"start":{"line":14,"column":0},"end":{"line":16,"column":3}},"13":{"start":{"line":15,"column":2},"end":{"line":15,"column":70}}},"fnMap":{"0":{"name":"_interopRequireDefault","decl":{"start":{"line":1,"column":23},"end":{"line":1,"column":45}},"loc":{"start":{"line":1,"column":51},"end":{"line":1,"column":109}},"line":1},"1":{"name":"(anonymous_1)","decl":{"start":{"line":14,"column":34},"end":{"line":14,"column":35}},"loc":{"start":{"line":14,"column":40},"end":{"line":16,"column":1}},"line":14}},"branchMap":{"0":{"loc":{"start":{"line":1,"column":60},"end":{"line":1,"column":106}},"type":"cond-expr","locations":[{"start":{"line":1,"column":84},"end":{"line":1,"column":87}},{"start":{"line":1,"column":90},"end":{"line":1,"column":106}}],"line":1},"1":{"loc":{"start":{"line":1,"column":60},"end":{"line":1,"column":81}},"type":"binary-expr","locations":[{"start":{"line":1,"column":60},"end":{"line":1,"column":63}},{"start":{"line":1,"column":67},"end":{"line":1,"column":81}}],"line":1}},"s":{"0":0,"1":0,"2":0,"3":0,"4":0,"5":0,"6":0,"7":0,"8":0,"9":0,"10":0,"11":0,"12":0,"13":0},"f":{"0":0,"1":0},"b":{"0":[0,0],"1":[0,0]},"inputSourceMap":null}
,"C:\\Users\\PC\\Desktop\\ProjectAndela\\teamwork_Backend\\src\\config\\index.js": {"path":"C:\\Users\\PC\\Desktop\\ProjectAndela\\teamwork_Backend\\src\\config\\index.js","statementMap":{"0":{"start":{"line":1,"column":13},"end":{"line":1,"column":73}},"1":{"start":{"line":1,"column":113},"end":{"line":1,"column":167}},"2":{"start":{"line":1,"column":183},"end":{"line":1,"column":200}},"3":{"start":{"line":1,"column":217},"end":{"line":1,"column":248}},"4":{"start":{"line":3,"column":0},"end":{"line":3,"column":26}},"5":{"start":{"line":5,"column":0},"end":{"line":9,"column":2}}},"fnMap":{"0":{"name":"_interopRequireDefault","decl":{"start":{"line":1,"column":83},"end":{"line":1,"column":105}},"loc":{"start":{"line":1,"column":111},"end":{"line":1,"column":169}},"line":1}},"branchMap":{"0":{"loc":{"start":{"line":1,"column":120},"end":{"line":1,"column":166}},"type":"cond-expr","locations":[{"start":{"line":1,"column":144},"end":{"line":1,"column":147}},{"start":{"line":1,"column":150},"end":{"line":1,"column":166}}],"line":1},"1":{"loc":{"start":{"line":1,"column":120},"end":{"line":1,"column":141}},"type":"binary-expr","locations":[{"start":{"line":1,"column":120},"end":{"line":1,"column":123}},{"start":{"line":1,"column":127},"end":{"line":1,"column":141}}],"line":1}},"s":{"0":1,"1":1,"2":1,"3":1,"4":1,"5":1},"f":{"0":1},"b":{"0":[0,1],"1":[1,1]},"inputSourceMap":null,"_coverageSchema":"1a1c01bbd47fc00a2c39e90264f33305004495a9","hash":"77edca1cf24d10cb58e62a5bad9e07402711f1f4"}
,"C:\\Users\\PC\\Desktop\\ProjectAndela\\teamwork_Backend\\src\\controllers\\index.js": {"path":"C:\\Users\\PC\\Desktop\\ProjectAndela\\teamwork_Backend\\src\\controllers\\index.js","statementMap":{"0":{"start":{"line":1,"column":13},"end":{"line":1,"column":73}},"1":{"start":{"line":1,"column":113},"end":{"line":1,"column":167}},"2":{"start":{"line":1,"column":182},"end":{"line":1,"column":200}},"3":{"start":{"line":1,"column":216},"end":{"line":1,"column":246}},"4":{"start":{"line":4,"column":0},"end":{"line":6,"column":2}}},"fnMap":{"0":{"name":"_interopRequireDefault","decl":{"start":{"line":1,"column":83},"end":{"line":1,"column":105}},"loc":{"start":{"line":1,"column":111},"end":{"line":1,"column":169}},"line":1}},"branchMap":{"0":{"loc":{"start":{"line":1,"column":120},"end":{"line":1,"column":166}},"type":"cond-expr","locations":[{"start":{"line":1,"column":144},"end":{"line":1,"column":147}},{"start":{"line":1,"column":150},"end":{"line":1,"column":166}}],"line":1},"1":{"loc":{"start":{"line":1,"column":120},"end":{"line":1,"column":141}},"type":"binary-expr","locations":[{"start":{"line":1,"column":120},"end":{"line":1,"column":123}},{"start":{"line":1,"column":127},"end":{"line":1,"column":141}}],"line":1}},"s":{"0":1,"1":1,"2":1,"3":1,"4":1},"f":{"0":1},"b":{"0":[1,0],"1":[1,1]},"inputSourceMap":null,"_coverageSchema":"1a1c01bbd47fc00a2c39e90264f33305004495a9","hash":"ecd07ccf95c325852a99d14f5852a59a62730ed9"}
,"C:\\Users\\PC\\Desktop\\ProjectAndela\\teamwork_Backend\\src\\controllers\\users.js": {"path":"C:\\Users\\PC\\Desktop\\ProjectAndela\\teamwork_Backend\\src\\controllers\\users.js","statementMap":{"0":{"start":{"line":1,"column":13},"end":{"line":1,"column":73}},"1":{"start":{"line":1,"column":113},"end":{"line":1,"column":167}},"2":{"start":{"line":1,"column":179},"end":{"line":1,"column":192}},"3":{"start":{"line":2,"column":14},"end":{"line":2,"column":34}},"4":{"start":{"line":2,"column":51},"end":{"line":2,"column":82}},"5":{"start":{"line":3,"column":15},"end":{"line":3,"column":36}},"6":{"start":{"line":3,"column":54},"end":{"line":3,"column":86}},"7":{"start":{"line":5,"column":71},"end":{"line":5,"column":88}},"8":{"start":{"line":8,"column":13},"end":{"line":10,"column":2}},"9":{"start":{"line":26,"column":6},"end":{"line":26,"column":14}},"10":{"start":{"line":27,"column":25},"end":{"line":27,"column":53}},"11":{"start":{"line":29,"column":21},"end":{"line":29,"column":53}},"12":{"start":{"line":32,"column":4},"end":{"line":40,"column":11}},"13":{"start":{"line":42,"column":2},"end":{"line":78,"column":3}},"14":{"start":{"line":43,"column":4},"end":{"line":46,"column":7}},"15":{"start":{"line":47,"column":9},"end":{"line":78,"column":3}},"16":{"start":{"line":48,"column":4},"end":{"line":51,"column":7}},"17":{"start":{"line":53,"column":28},"end":{"line":53,"column":198}},"18":{"start":{"line":54,"column":19},"end":{"line":65,"column":5}},"19":{"start":{"line":66,"column":4},"end":{"line":66,"column":46}},"20":{"start":{"line":67,"column":4},"end":{"line":77,"column":5}},"21":{"start":{"line":68,"column":6},"end":{"line":74,"column":9}},"22":{"start":{"line":76,"column":6},"end":{"line":76,"column":23}},"23":{"start":{"line":84,"column":30},"end":{"line":84,"column":38}},"24":{"start":{"line":85,"column":21},"end":{"line":85,"column":38}},"25":{"start":{"line":86,"column":2},"end":{"line":123,"column":3}},"26":{"start":{"line":87,"column":4},"end":{"line":90,"column":7}},"27":{"start":{"line":92,"column":4},"end":{"line":122,"column":5}},"28":{"start":{"line":93,"column":25},"end":{"line":93,"column":39}},"29":{"start":{"line":94,"column":23},"end":{"line":94,"column":61}},"30":{"start":{"line":95,"column":19},"end":{"line":95,"column":57}},"31":{"start":{"line":96,"column":6},"end":{"line":119,"column":7}},"32":{"start":{"line":97,"column":8},"end":{"line":101,"column":11}},"33":{"start":{"line":104,"column":58},"end":{"line":104,"column":70}},"34":{"start":{"line":105,"column":28},"end":{"line":105,"column":75}},"35":{"start":{"line":106,"column":8},"end":{"line":118,"column":9}},"36":{"start":{"line":107,"column":10},"end":{"line":110,"column":13}},"37":{"start":{"line":112,"column":26},"end":{"line":112,"column":51}},"38":{"start":{"line":113,"column":29},"end":{"line":113,"column":51}},"39":{"start":{"line":114,"column":10},"end":{"line":117,"column":13}},"40":{"start":{"line":121,"column":6},"end":{"line":121,"column":25}},"41":{"start":{"line":126,"column":0},"end":{"line":129,"column":2}}},"fnMap":{"0":{"name":"_interopRequireDefault","decl":{"start":{"line":1,"column":83},"end":{"line":1,"column":105}},"loc":{"start":{"line":1,"column":111},"end":{"line":1,"column":169}},"line":1},"1":{"name":"createUser","decl":{"start":{"line":14,"column":15},"end":{"line":14,"column":25}},"loc":{"start":{"line":14,"column":36},"end":{"line":79,"column":1}},"line":14},"2":{"name":"signIn","decl":{"start":{"line":83,"column":15},"end":{"line":83,"column":21}},"loc":{"start":{"line":83,"column":32},"end":{"line":124,"column":1}},"line":83}},"branchMap":{"0":{"loc":{"start":{"line":1,"column":120},"end":{"line":1,"column":166}},"type":"cond-expr","locations":[{"start":{"line":1,"column":144},"end":{"line":1,"column":147}},{"start":{"line":1,"column":150},"end":{"line":1,"column":166}}],"line":1},"1":{"loc":{"start":{"line":1,"column":120},"end":{"line":1,"column":141}},"type":"binary-expr","locations":[{"start":{"line":1,"column":120},"end":{"line":1,"column":123}},{"start":{"line":1,"column":127},"end":{"line":1,"column":141}}],"line":1},"2":{"loc":{"start":{"line":32,"column":4},"end":{"line":40,"column":11}},"type":"binary-expr","locations":[{"start":{"line":32,"column":4},"end":{"line":32,"column":13}},{"start":{"line":33,"column":4},"end":{"line":33,"column":12}},{"start":{"line":34,"column":4},"end":{"line":34,"column":12}},{"start":{"line":35,"column":4},"end":{"line":35,"column":9}},{"start":{"line":36,"column":4},"end":{"line":36,"column":12}},{"start":{"line":37,"column":4},"end":{"line":37,"column":10}},{"start":{"line":38,"column":4},"end":{"line":38,"column":11}},{"start":{"line":39,"column":4},"end":{"line":39,"column":14}},{"start":{"line":40,"column":4},"end":{"line":40,"column":11}}],"line":32},"3":{"loc":{"start":{"line":42,"column":2},"end":{"line":78,"column":3}},"type":"if","locations":[{"start":{"line":42,"column":2},"end":{"line":78,"column":3}},{"start":{"line":42,"column":2},"end":{"line":78,"column":3}}],"line":42},"4":{"loc":{"start":{"line":47,"column":9},"end":{"line":78,"column":3}},"type":"if","locations":[{"start":{"line":47,"column":9},"end":{"line":78,"column":3}},{"start":{"line":47,"column":9},"end":{"line":78,"column":3}}],"line":47},"5":{"loc":{"start":{"line":85,"column":21},"end":{"line":85,"column":38}},"type":"binary-expr","locations":[{"start":{"line":85,"column":21},"end":{"line":85,"column":26}},{"start":{"line":85,"column":30},"end":{"line":85,"column":38}}],"line":85},"6":{"loc":{"start":{"line":86,"column":2},"end":{"line":123,"column":3}},"type":"if","locations":[{"start":{"line":86,"column":2},"end":{"line":123,"column":3}},{"start":{"line":86,"column":2},"end":{"line":123,"column":3}}],"line":86},"7":{"loc":{"start":{"line":96,"column":6},"end":{"line":119,"column":7}},"type":"if","locations":[{"start":{"line":96,"column":6},"end":{"line":119,"column":7}},{"start":{"line":96,"column":6},"end":{"line":119,"column":7}}],"line":96},"8":{"loc":{"start":{"line":106,"column":8},"end":{"line":118,"column":9}},"type":"if","locations":[{"start":{"line":106,"column":8},"end":{"line":118,"column":9}},{"start":{"line":106,"column":8},"end":{"line":118,"column":9}}],"line":106}},"s":{"0":1,"1":2,"2":1,"3":1,"4":1,"5":1,"6":1,"7":1,"8":1,"9":0,"10":0,"11":0,"12":0,"13":0,"14":0,"15":0,"16":0,"17":0,"18":0,"19":0,"20":0,"21":0,"22":0,"23":0,"24":0,"25":0,"26":0,"27":0,"28":0,"29":0,"30":0,"31":0,"32":0,"33":0,"34":0,"35":0,"36":0,"37":0,"38":0,"39":0,"40":0,"41":1},"f":{"0":2,"1":0,"2":0},"b":{"0":[2,0],"1":[2,2],"2":[0,0,0,0,0,0,0,0,0],"3":[0,0],"4":[0,0],"5":[0,0],"6":[0,0],"7":[0,0],"8":[0,0]},"inputSourceMap":null,"_coverageSchema":"1a1c01bbd47fc00a2c39e90264f33305004495a9","hash":"dabdfa4c85d889d2d2c6835cae2bdc22c51a4ed7"}
,"C:\\Users\\PC\\Desktop\\ProjectAndela\\teamwork_Backend\\src\\db\\index.js": {"path":"C:\\Users\\PC\\Desktop\\ProjectAndela\\teamwork_Backend\\src\\db\\index.js","statementMap":{"0":{"start":{"line":1,"column":13},"end":{"line":1,"column":73}},"1":{"start":{"line":1,"column":113},"end":{"line":1,"column":167}},"2":{"start":{"line":1,"column":179},"end":{"line":1,"column":192}},"3":{"start":{"line":2,"column":14},"end":{"line":2,"column":34}},"4":{"start":{"line":2,"column":51},"end":{"line":2,"column":82}},"5":{"start":{"line":4,"column":25},"end":{"line":4,"column":54}},"6":{"start":{"line":6,"column":13},"end":{"line":8,"column":2}},"7":{"start":{"line":10,"column":0},"end":{"line":10,"column":28}}},"fnMap":{"0":{"name":"_interopRequireDefault","decl":{"start":{"line":1,"column":83},"end":{"line":1,"column":105}},"loc":{"start":{"line":1,"column":111},"end":{"line":1,"column":169}},"line":1}},"branchMap":{"0":{"loc":{"start":{"line":1,"column":120},"end":{"line":1,"column":166}},"type":"cond-expr","locations":[{"start":{"line":1,"column":144},"end":{"line":1,"column":147}},{"start":{"line":1,"column":150},"end":{"line":1,"column":166}}],"line":1},"1":{"loc":{"start":{"line":1,"column":120},"end":{"line":1,"column":141}},"type":"binary-expr","locations":[{"start":{"line":1,"column":120},"end":{"line":1,"column":123}},{"start":{"line":1,"column":127},"end":{"line":1,"column":141}}],"line":1}},"s":{"0":0,"1":0,"2":0,"3":0,"4":0,"5":0,"6":0,"7":0},"f":{"0":0},"b":{"0":[0,0],"1":[0,0]},"inputSourceMap":null}
,"C:\\Users\\PC\\Desktop\\ProjectAndela\\teamwork_Backend\\src\\helpers\\index.js": {"path":"C:\\Users\\PC\\Desktop\\ProjectAndela\\teamwork_Backend\\src\\helpers\\index.js","statementMap":{"0":{"start":{"line":1,"column":13},"end":{"line":1,"column":73}},"1":{"start":{"line":1,"column":113},"end":{"line":1,"column":167}},"2":{"start":{"line":2,"column":14},"end":{"line":2,"column":31}},"3":{"start":{"line":2,"column":48},"end":{"line":2,"column":79}},"4":{"start":{"line":3,"column":20},"end":{"line":3,"column":43}},"5":{"start":{"line":3,"column":66},"end":{"line":3,"column":103}},"6":{"start":{"line":4,"column":14},"end":{"line":4,"column":34}},"7":{"start":{"line":4,"column":51},"end":{"line":4,"column":82}},"8":{"start":{"line":6,"column":19},"end":{"line":6,"column":35}},"9":{"start":{"line":9,"column":21},"end":{"line":11,"column":1}},"10":{"start":{"line":10,"column":2},"end":{"line":10,"column":45}},"11":{"start":{"line":14,"column":24},"end":{"line":16,"column":1}},"12":{"start":{"line":15,"column":2},"end":{"line":15,"column":60}},"13":{"start":{"line":18,"column":21},"end":{"line":24,"column":1}},"14":{"start":{"line":19,"column":20},"end":{"line":19,"column":46}},"15":{"start":{"line":20,"column":2},"end":{"line":22,"column":3}},"16":{"start":{"line":21,"column":4},"end":{"line":21,"column":27}},"17":{"start":{"line":23,"column":2},"end":{"line":23,"column":15}},"18":{"start":{"line":26,"column":22},"end":{"line":29,"column":1}},"19":{"start":{"line":27,"column":16},"end":{"line":27,"column":81}},"20":{"start":{"line":28,"column":2},"end":{"line":28,"column":15}},"21":{"start":{"line":31,"column":0},"end":{"line":31,"column":82}}},"fnMap":{"0":{"name":"_interopRequireDefault","decl":{"start":{"line":1,"column":83},"end":{"line":1,"column":105}},"loc":{"start":{"line":1,"column":111},"end":{"line":1,"column":169}},"line":1},"1":{"name":"(anonymous_1)","decl":{"start":{"line":9,"column":21},"end":{"line":9,"column":22}},"loc":{"start":{"line":9,"column":35},"end":{"line":11,"column":1}},"line":9},"2":{"name":"(anonymous_2)","decl":{"start":{"line":14,"column":24},"end":{"line":14,"column":25}},"loc":{"start":{"line":14,"column":54},"end":{"line":16,"column":1}},"line":14},"3":{"name":"(anonymous_3)","decl":{"start":{"line":18,"column":21},"end":{"line":18,"column":22}},"loc":{"start":{"line":18,"column":32},"end":{"line":24,"column":1}},"line":18},"4":{"name":"(anonymous_4)","decl":{"start":{"line":26,"column":22},"end":{"line":26,"column":23}},"loc":{"start":{"line":26,"column":35},"end":{"line":29,"column":1}},"line":26}},"branchMap":{"0":{"loc":{"start":{"line":1,"column":120},"end":{"line":1,"column":166}},"type":"cond-expr","locations":[{"start":{"line":1,"column":144},"end":{"line":1,"column":147}},{"start":{"line":1,"column":150},"end":{"line":1,"column":166}}],"line":1},"1":{"loc":{"start":{"line":1,"column":120},"end":{"line":1,"column":141}},"type":"binary-expr","locations":[{"start":{"line":1,"column":120},"end":{"line":1,"column":123}},{"start":{"line":1,"column":127},"end":{"line":1,"column":141}}],"line":1},"2":{"loc":{"start":{"line":20,"column":2},"end":{"line":22,"column":3}},"type":"if","locations":[{"start":{"line":20,"column":2},"end":{"line":22,"column":3}},{"start":{"line":20,"column":2},"end":{"line":22,"column":3}}],"line":20}},"s":{"0":1,"1":3,"2":1,"3":1,"4":1,"5":1,"6":1,"7":1,"8":1,"9":1,"10":0,"11":1,"12":0,"13":1,"14":0,"15":0,"16":0,"17":0,"18":1,"19":0,"20":0,"21":1},"f":{"0":3,"1":0,"2":0,"3":0,"4":0},"b":{"0":[1,2],"1":[3,3],"2":[0,0]},"inputSourceMap":null,"_coverageSchema":"1a1c01bbd47fc00a2c39e90264f33305004495a9","hash":"4ff55fc2afd85cc091f00dc3ddc0e04887c0cd6a"}
,"C:\\Users\\PC\\Desktop\\ProjectAndela\\teamwork_Backend\\src\\routes\\index.js": {"path":"C:\\Users\\PC\\Desktop\\ProjectAndela\\teamwork_Backend\\src\\routes\\index.js","statementMap":{"0":{"start":{"line":1,"column":13},"end":{"line":1,"column":73}},"1":{"start":{"line":1,"column":113},"end":{"line":1,"column":167}},"2":{"start":{"line":1,"column":184},"end":{"line":1,"column":202}},"3":{"start":{"line":1,"column":220},"end":{"line":1,"column":252}},"4":{"start":{"line":2,"column":19},"end":{"line":2,"column":44}},"5":{"start":{"line":2,"column":66},"end":{"line":2,"column":102}},"6":{"start":{"line":4,"column":15},"end":{"line":4,"column":41}},"7":{"start":{"line":5,"column":31},"end":{"line":5,"column":58}},"8":{"start":{"line":7,"column":0},"end":{"line":7,"column":33}},"9":{"start":{"line":8,"column":0},"end":{"line":8,"column":28}},"10":{"start":{"line":10,"column":0},"end":{"line":10,"column":26}}},"fnMap":{"0":{"name":"_interopRequireDefault","decl":{"start":{"line":1,"column":83},"end":{"line":1,"column":105}},"loc":{"start":{"line":1,"column":111},"end":{"line":1,"column":169}},"line":1}},"branchMap":{"0":{"loc":{"start":{"line":1,"column":120},"end":{"line":1,"column":166}},"type":"cond-expr","locations":[{"start":{"line":1,"column":144},"end":{"line":1,"column":147}},{"start":{"line":1,"column":150},"end":{"line":1,"column":166}}],"line":1},"1":{"loc":{"start":{"line":1,"column":120},"end":{"line":1,"column":141}},"type":"binary-expr","locations":[{"start":{"line":1,"column":120},"end":{"line":1,"column":123}},{"start":{"line":1,"column":127},"end":{"line":1,"column":141}}],"line":1}},"s":{"0":0,"1":0,"2":0,"3":0,"4":0,"5":0,"6":0,"7":0,"8":0,"9":0,"10":0},"f":{"0":0},"b":{"0":[0,0],"1":[0,0]},"inputSourceMap":null}
}
