{"/home/ngalo/Desktop/ProjectAndela/teamwork_Backend/src/index.js": {"path":"/home/ngalo/Desktop/ProjectAndela/teamwork_Backend/src/index.js","statementMap":{"0":{"start":{"line":1,"column":13},"end":{"line":1,"column":73}},"1":{"start":{"line":1,"column":113},"end":{"line":1,"column":167}},"2":{"start":{"line":1,"column":184},"end":{"line":1,"column":202}},"3":{"start":{"line":1,"column":220},"end":{"line":1,"column":252}},"4":{"start":{"line":2,"column":12},"end":{"line":2,"column":27}},"5":{"start":{"line":2,"column":42},"end":{"line":2,"column":71}},"6":{"start":{"line":3,"column":13},"end":{"line":3,"column":38}},"7":{"start":{"line":3,"column":54},"end":{"line":3,"column":84}},"8":{"start":{"line":5,"column":13},"end":{"line":5,"column":37}},"9":{"start":{"line":6,"column":12},"end":{"line":6,"column":44}},"10":{"start":{"line":9,"column":0},"end":{"line":9,"column":39}},"11":{"start":{"line":11,"column":0},"end":{"line":11,"column":59}},"12":{"start":{"line":12,"column":0},"end":{"line":12,"column":34}},"13":{"start":{"line":14,"column":0},"end":{"line":14,"column":36}},"14":{"start":{"line":16,"column":0},"end":{"line":19,"column":3}},"15":{"start":{"line":17,"column":2},"end":{"line":17,"column":35}},"16":{"start":{"line":18,"column":2},"end":{"line":18,"column":9}},"17":{"start":{"line":21,"column":0},"end":{"line":23,"column":3}},"18":{"start":{"line":22,"column":2},"end":{"line":22,"column":40}},"19":{"start":{"line":25,"column":0},"end":{"line":25,"column":23}}},"fnMap":{"0":{"name":"_interopRequireDefault","decl":{"start":{"line":1,"column":83},"end":{"line":1,"column":105}},"loc":{"start":{"line":1,"column":111},"end":{"line":1,"column":169}},"line":1},"1":{"name":"(anonymous_1)","decl":{"start":{"line":16,"column":13},"end":{"line":16,"column":14}},"loc":{"start":{"line":16,"column":33},"end":{"line":19,"column":1}},"line":16},"2":{"name":"(anonymous_2)","decl":{"start":{"line":21,"column":33},"end":{"line":21,"column":34}},"loc":{"start":{"line":21,"column":39},"end":{"line":23,"column":1}},"line":21}},"branchMap":{"0":{"loc":{"start":{"line":1,"column":120},"end":{"line":1,"column":166}},"type":"cond-expr","locations":[{"start":{"line":1,"column":144},"end":{"line":1,"column":147}},{"start":{"line":1,"column":150},"end":{"line":1,"column":166}}],"line":1},"1":{"loc":{"start":{"line":1,"column":120},"end":{"line":1,"column":141}},"type":"binary-expr","locations":[{"start":{"line":1,"column":120},"end":{"line":1,"column":123}},{"start":{"line":1,"column":127},"end":{"line":1,"column":141}}],"line":1},"2":{"loc":{"start":{"line":5,"column":13},"end":{"line":5,"column":37}},"type":"binary-expr","locations":[{"start":{"line":5,"column":13},"end":{"line":5,"column":17}},{"start":{"line":5,"column":21},"end":{"line":5,"column":37}}],"line":5}},"s":{"0":0,"1":0,"2":0,"3":0,"4":0,"5":0,"6":0,"7":0,"8":0,"9":0,"10":0,"11":0,"12":0,"13":0,"14":0,"15":0,"16":0,"17":0,"18":0,"19":0},"f":{"0":0,"1":0,"2":0},"b":{"0":[0,0],"1":[0,0],"2":[0,0]}}
,"/home/ngalo/Desktop/ProjectAndela/teamwork_Backend/src/controllers/admin.js": {"path":"/home/ngalo/Desktop/ProjectAndela/teamwork_Backend/src/controllers/admin.js","statementMap":{"0":{"start":{"line":1,"column":13},"end":{"line":1,"column":73}},"1":{"start":{"line":1,"column":113},"end":{"line":1,"column":167}},"2":{"start":{"line":2,"column":10},"end":{"line":2,"column":26}},"3":{"start":{"line":2,"column":39},"end":{"line":2,"column":66}},"4":{"start":{"line":3,"column":19},"end":{"line":3,"column":52}},"5":{"start":{"line":3,"column":74},"end":{"line":3,"column":110}},"6":{"start":{"line":11,"column":20},"end":{"line":51,"column":1}},"7":{"start":{"line":23,"column":6},"end":{"line":23,"column":14}},"8":{"start":{"line":25,"column":25},"end":{"line":25,"column":69}},"9":{"start":{"line":26,"column":26},"end":{"line":29,"column":18}},"10":{"start":{"line":31,"column":17},"end":{"line":42,"column":3}},"11":{"start":{"line":44,"column":2},"end":{"line":50,"column":3}},"12":{"start":{"line":45,"column":21},"end":{"line":45,"column":70}},"13":{"start":{"line":46,"column":4},"end":{"line":46,"column":38}},"14":{"start":{"line":49,"column":4},"end":{"line":49,"column":23}},"15":{"start":{"line":53,"column":0},"end":{"line":53,"column":31}}},"fnMap":{"0":{"name":"_interopRequireDefault","decl":{"start":{"line":1,"column":83},"end":{"line":1,"column":105}},"loc":{"start":{"line":1,"column":111},"end":{"line":1,"column":169}},"line":1},"1":{"name":"(anonymous_1)","decl":{"start":{"line":11,"column":20},"end":{"line":11,"column":21}},"loc":{"start":{"line":11,"column":40},"end":{"line":51,"column":1}},"line":11}},"branchMap":{"0":{"loc":{"start":{"line":1,"column":120},"end":{"line":1,"column":166}},"type":"cond-expr","locations":[{"start":{"line":1,"column":144},"end":{"line":1,"column":147}},{"start":{"line":1,"column":150},"end":{"line":1,"column":166}}],"line":1},"1":{"loc":{"start":{"line":1,"column":120},"end":{"line":1,"column":141}},"type":"binary-expr","locations":[{"start":{"line":1,"column":120},"end":{"line":1,"column":123}},{"start":{"line":1,"column":127},"end":{"line":1,"column":141}}],"line":1}},"s":{"0":1,"1":2,"2":1,"3":1,"4":1,"5":1,"6":1,"7":1,"8":0,"9":0,"10":0,"11":0,"12":0,"13":0,"14":0,"15":1},"f":{"0":2,"1":1},"b":{"0":[2,0],"1":[2,2]},"_coverageSchema":"1a1c01bbd47fc00a2c39e90264f33305004495a9","hash":"f42c0e97d5de299844d5e05e06ee4447e59a98c3"}
,"/home/ngalo/Desktop/ProjectAndela/teamwork_Backend/src/db/index.js": {"path":"/home/ngalo/Desktop/ProjectAndela/teamwork_Backend/src/db/index.js","statementMap":{"0":{"start":{"line":1,"column":13},"end":{"line":1,"column":73}},"1":{"start":{"line":1,"column":83},"end":{"line":1,"column":96}},"2":{"start":{"line":4,"column":2},"end":{"line":4,"column":95}},"3":{"start":{"line":5,"column":13},"end":{"line":5,"column":52}},"4":{"start":{"line":7,"column":0},"end":{"line":7,"column":24}}},"fnMap":{},"branchMap":{},"s":{"0":1,"1":1,"2":1,"3":1,"4":1},"f":{},"b":{},"_coverageSchema":"1a1c01bbd47fc00a2c39e90264f33305004495a9","hash":"2ce5277487ccc0b5d9243d9eee4e042445347783"}
,"/home/ngalo/Desktop/ProjectAndela/teamwork_Backend/src/helpers/status.js": {"path":"/home/ngalo/Desktop/ProjectAndela/teamwork_Backend/src/helpers/status.js","statementMap":{"0":{"start":{"line":1,"column":13},"end":{"line":1,"column":73}},"1":{"start":{"line":1,"column":96},"end":{"line":1,"column":117}},"2":{"start":{"line":2,"column":21},"end":{"line":2,"column":40}},"3":{"start":{"line":3,"column":15},"end":{"line":12,"column":1}},"4":{"start":{"line":14,"column":21},"end":{"line":17,"column":1}},"5":{"start":{"line":18,"column":0},"end":{"line":18,"column":40}},"6":{"start":{"line":18,"column":41},"end":{"line":18,"column":77}},"7":{"start":{"line":18,"column":78},"end":{"line":18,"column":102}},"8":{"start":{"line":18,"column":103},"end":{"line":18,"column":139}}},"fnMap":{},"branchMap":{},"s":{"0":0,"1":0,"2":0,"3":0,"4":0,"5":0,"6":0,"7":0,"8":0},"f":{},"b":{}}
,"/home/ngalo/Desktop/ProjectAndela/teamwork_Backend/src/helpers/validations.js": {"path":"/home/ngalo/Desktop/ProjectAndela/teamwork_Backend/src/helpers/validations.js","statementMap":{"0":{"start":{"line":1,"column":13},"end":{"line":1,"column":73}},"1":{"start":{"line":1,"column":113},"end":{"line":1,"column":167}},"2":{"start":{"line":1,"column":183},"end":{"line":1,"column":200}},"3":{"start":{"line":1,"column":217},"end":{"line":1,"column":248}},"4":{"start":{"line":6,"column":21},"end":{"line":8,"column":1}},"5":{"start":{"line":7,"column":2},"end":{"line":7,"column":79}},"6":{"start":{"line":10,"column":21},"end":{"line":12,"column":1}},"7":{"start":{"line":11,"column":2},"end":{"line":11,"column":36}},"8":{"start":{"line":14,"column":0},"end":{"line":14,"column":50}}},"fnMap":{"0":{"name":"_interopRequireDefault","decl":{"start":{"line":1,"column":83},"end":{"line":1,"column":105}},"loc":{"start":{"line":1,"column":111},"end":{"line":1,"column":169}},"line":1},"1":{"name":"(anonymous_1)","decl":{"start":{"line":6,"column":21},"end":{"line":6,"column":22}},"loc":{"start":{"line":6,"column":35},"end":{"line":8,"column":1}},"line":6},"2":{"name":"(anonymous_2)","decl":{"start":{"line":10,"column":21},"end":{"line":10,"column":22}},"loc":{"start":{"line":10,"column":32},"end":{"line":12,"column":1}},"line":10}},"branchMap":{"0":{"loc":{"start":{"line":1,"column":120},"end":{"line":1,"column":166}},"type":"cond-expr","locations":[{"start":{"line":1,"column":144},"end":{"line":1,"column":147}},{"start":{"line":1,"column":150},"end":{"line":1,"column":166}}],"line":1},"1":{"loc":{"start":{"line":1,"column":120},"end":{"line":1,"column":141}},"type":"binary-expr","locations":[{"start":{"line":1,"column":120},"end":{"line":1,"column":123}},{"start":{"line":1,"column":127},"end":{"line":1,"column":141}}],"line":1}},"s":{"0":1,"1":1,"2":1,"3":1,"4":1,"5":0,"6":1,"7":0,"8":1},"f":{"0":1,"1":0,"2":0},"b":{"0":[0,1],"1":[1,1]},"_coverageSchema":"1a1c01bbd47fc00a2c39e90264f33305004495a9","hash":"3f13613b07b22ed39ad6893d88799e3da3f0fc54"}
,"/home/ngalo/Desktop/ProjectAndela/teamwork_Backend/src/middleware/verifyAuth.js": {"path":"/home/ngalo/Desktop/ProjectAndela/teamwork_Backend/src/middleware/verifyAuth.js","statementMap":{"0":{"start":{"line":1,"column":13},"end":{"line":1,"column":73}},"1":{"start":{"line":1,"column":113},"end":{"line":1,"column":167}},"2":{"start":{"line":2,"column":20},"end":{"line":2,"column":43}},"3":{"start":{"line":2,"column":66},"end":{"line":2,"column":103}},"4":{"start":{"line":3,"column":14},"end":{"line":3,"column":31}},"5":{"start":{"line":3,"column":48},"end":{"line":3,"column":79}},"6":{"start":{"line":4,"column":14},"end":{"line":4,"column":42}},"7":{"start":{"line":8,"column":0},"end":{"line":8,"column":26}},"8":{"start":{"line":19,"column":20},"end":{"line":37,"column":1}},"9":{"start":{"line":20,"column":20},"end":{"line":20,"column":31}},"10":{"start":{"line":21,"column":2},"end":{"line":24,"column":3}},"11":{"start":{"line":22,"column":4},"end":{"line":22,"column":54}},"12":{"start":{"line":23,"column":4},"end":{"line":23,"column":69}},"13":{"start":{"line":25,"column":2},"end":{"line":36,"column":3}},"14":{"start":{"line":26,"column":20},"end":{"line":26,"column":76}},"15":{"start":{"line":27,"column":4},"end":{"line":31,"column":6}},"16":{"start":{"line":32,"column":4},"end":{"line":32,"column":11}},"17":{"start":{"line":34,"column":4},"end":{"line":34,"column":57}},"18":{"start":{"line":35,"column":4},"end":{"line":35,"column":78}},"19":{"start":{"line":39,"column":0},"end":{"line":39,"column":31}}},"fnMap":{"0":{"name":"_interopRequireDefault","decl":{"start":{"line":1,"column":83},"end":{"line":1,"column":105}},"loc":{"start":{"line":1,"column":111},"end":{"line":1,"column":169}},"line":1},"1":{"name":"(anonymous_1)","decl":{"start":{"line":19,"column":20},"end":{"line":19,"column":21}},"loc":{"start":{"line":19,"column":46},"end":{"line":37,"column":1}},"line":19}},"branchMap":{"0":{"loc":{"start":{"line":1,"column":120},"end":{"line":1,"column":166}},"type":"cond-expr","locations":[{"start":{"line":1,"column":144},"end":{"line":1,"column":147}},{"start":{"line":1,"column":150},"end":{"line":1,"column":166}}],"line":1},"1":{"loc":{"start":{"line":1,"column":120},"end":{"line":1,"column":141}},"type":"binary-expr","locations":[{"start":{"line":1,"column":120},"end":{"line":1,"column":123}},{"start":{"line":1,"column":127},"end":{"line":1,"column":141}}],"line":1},"2":{"loc":{"start":{"line":21,"column":2},"end":{"line":24,"column":3}},"type":"if","locations":[{"start":{"line":21,"column":2},"end":{"line":24,"column":3}},{"start":{"line":21,"column":2},"end":{"line":24,"column":3}}],"line":21}},"s":{"0":0,"1":0,"2":0,"3":0,"4":0,"5":0,"6":0,"7":0,"8":0,"9":0,"10":0,"11":0,"12":0,"13":0,"14":0,"15":0,"16":0,"17":0,"18":0,"19":0},"f":{"0":0,"1":0},"b":{"0":[0,0],"1":[0,0],"2":[0,0]}}
,"/home/ngalo/Desktop/ProjectAndela/teamwork_Backend/src/routes/admin.js": {"path":"/home/ngalo/Desktop/ProjectAndela/teamwork_Backend/src/routes/admin.js","statementMap":{"0":{"start":{"line":1,"column":13},"end":{"line":1,"column":73}},"1":{"start":{"line":1,"column":113},"end":{"line":1,"column":167}},"2":{"start":{"line":1,"column":184},"end":{"line":1,"column":202}},"3":{"start":{"line":1,"column":220},"end":{"line":1,"column":252}},"4":{"start":{"line":3,"column":13},"end":{"line":3,"column":44}},"5":{"start":{"line":3,"column":60},"end":{"line":3,"column":90}},"6":{"start":{"line":7,"column":15},"end":{"line":7,"column":41}},"7":{"start":{"line":11,"column":0},"end":{"line":11,"column":39}},"8":{"start":{"line":15,"column":0},"end":{"line":15,"column":26}}},"fnMap":{"0":{"name":"_interopRequireDefault","decl":{"start":{"line":1,"column":83},"end":{"line":1,"column":105}},"loc":{"start":{"line":1,"column":111},"end":{"line":1,"column":169}},"line":1}},"branchMap":{"0":{"loc":{"start":{"line":1,"column":120},"end":{"line":1,"column":166}},"type":"cond-expr","locations":[{"start":{"line":1,"column":144},"end":{"line":1,"column":147}},{"start":{"line":1,"column":150},"end":{"line":1,"column":166}}],"line":1},"1":{"loc":{"start":{"line":1,"column":120},"end":{"line":1,"column":141}},"type":"binary-expr","locations":[{"start":{"line":1,"column":120},"end":{"line":1,"column":123}},{"start":{"line":1,"column":127},"end":{"line":1,"column":141}}],"line":1}},"s":{"0":0,"1":0,"2":0,"3":0,"4":0,"5":0,"6":0,"7":0,"8":0},"f":{"0":0},"b":{"0":[0,0],"1":[0,0]}}
}
