TN:
SF:src/index.js
FN:1,_interopRequireDefault
FN:16,(anonymous_1)
FN:21,(anonymous_2)
FNF:3
FNH:0
FNDA:0,_interopRequireDefault
FNDA:0,(anonymous_1)
FNDA:0,(anonymous_2)
DA:1,0
DA:2,0
DA:3,0
DA:5,0
DA:6,0
DA:9,0
DA:11,0
DA:12,0
DA:14,0
DA:16,0
DA:17,0
DA:18,0
DA:21,0
DA:22,0
DA:25,0
LF:15
LH:0
BRDA:1,0,0,0
BRDA:1,0,1,0
BRDA:1,1,0,0
BRDA:1,1,1,0
BRDA:5,2,0,0
BRDA:5,2,1,0
BRF:6
BRH:0
end_of_record
TN:
SF:src/controllers/admin.js
FN:1,_interopRequireDefault
FN:11,(anonymous_1)
FNF:2
FNH:2
FNDA:2,_interopRequireDefault
FNDA:1,(anonymous_1)
DA:1,2
DA:2,1
DA:3,1
DA:11,1
DA:23,1
DA:25,0
DA:26,0
DA:31,0
DA:44,0
DA:45,0
DA:46,0
DA:49,0
DA:53,1
LF:13
LH:6
BRDA:1,0,0,2
BRDA:1,0,1,0
BRDA:1,1,0,2
BRDA:1,1,1,2
BRF:4
BRH:3
end_of_record
TN:
SF:src/db/index.js
FNF:0
FNH:0
DA:1,1
DA:4,1
DA:5,1
DA:7,1
LF:4
LH:4
BRF:0
BRH:0
end_of_record
TN:
SF:src/helpers/status.js
FNF:0
FNH:0
DA:1,0
DA:2,0
DA:3,0
DA:14,0
DA:18,0
LF:5
LH:0
BRF:0
BRH:0
end_of_record
TN:
SF:src/helpers/validations.js
FN:1,_interopRequireDefault
FN:6,(anonymous_1)
FN:10,(anonymous_2)
FNF:3
FNH:1
FNDA:1,_interopRequireDefault
FNDA:0,(anonymous_1)
FNDA:0,(anonymous_2)
DA:1,1
DA:6,1
DA:7,0
DA:10,1
DA:11,0
DA:14,1
LF:6
LH:4
BRDA:1,0,0,0
BRDA:1,0,1,1
BRDA:1,1,0,1
BRDA:1,1,1,1
BRF:4
BRH:3
end_of_record
TN:
SF:src/middleware/verifyAuth.js
FN:1,_interopRequireDefault
FN:19,(anonymous_1)
FNF:2
FNH:0
FNDA:0,_interopRequireDefault
FNDA:0,(anonymous_1)
DA:1,0
DA:2,0
DA:3,0
DA:4,0
DA:8,0
DA:19,0
DA:20,0
DA:21,0
DA:22,0
DA:23,0
DA:25,0
DA:26,0
DA:27,0
DA:32,0
DA:34,0
DA:35,0
DA:39,0
LF:17
LH:0
BRDA:1,0,0,0
BRDA:1,0,1,0
BRDA:1,1,0,0
BRDA:1,1,1,0
BRDA:21,2,0,0
BRDA:21,2,1,0
BRF:6
BRH:0
end_of_record
TN:
SF:src/routes/admin.js
FN:1,_interopRequireDefault
FNF:1
FNH:0
FNDA:0,_interopRequireDefault
DA:1,0
DA:3,0
DA:7,0
DA:11,0
DA:15,0
LF:5
LH:0
BRDA:1,0,0,0
BRDA:1,0,1,0
BRDA:1,1,0,0
BRDA:1,1,1,0
BRF:4
BRH:0
end_of_record
